{
  "stats": {
    "suites": 1,
    "tests": 1,
    "passes": 1,
    "pending": 0,
    "failures": 0,
    "start": "2019-09-27T04:22:06.646Z",
    "end": "2019-09-27T04:22:14.425Z",
    "duration": 7779,
    "testsRegistered": 1,
    "passPercent": 100,
    "pendingPercent": 0,
    "other": 0,
    "hasOther": false,
    "skipped": 0,
    "hasSkipped": false
  },
  "results": [
    {
      "uuid": "f784da79-c0f4-4a9f-8121-ae277fa8f979",
      "title": "",
      "fullFile": "",
      "file": "",
      "beforeHooks": [],
      "afterHooks": [],
      "tests": [],
      "suites": [
        {
          "uuid": "fa83c2ce-d7bb-4da9-a6a6-8b2f4a937d96",
          "title": "My First Test Suite",
          "fullFile": "",
          "file": "",
          "beforeHooks": [],
          "afterHooks": [],
          "tests": [
            {
              "title": "My Fisrt Test Case",
              "fullTitle": "My First Test Suite My Fisrt Test Case",
              "timedOut": null,
              "duration": 4955,
              "state": "passed",
              "speed": "slow",
              "pass": true,
              "fail": false,
              "pending": false,
              "context": null,
              "code": "cy.visit(\"https://rahulshettyacademy.com/seleniumPractise/#/\");\ncy.get('.search-keyword').type('ca');\ncy.wait(2000); //parent child chaining\ncy.get('.products').as('productname');\ncy.get('@productname').find('.product').each(function ($el, index, $list) {\n  var vegtext = $el.find('h4.product-name').text();\n  if (vegtext.includes('Cashews')) {\n    $el.find('button').click();\n  }\n});\ncy.get('a.cart-icon').click();\ncy.contains('PROCEED TO CHECKOUT').click();\ncy.contains('Place Order').click();",
              "err": {},
              "uuid": "3fc240d7-97d6-4b00-9ac0-c64d841286b3",
              "parentUUID": "fa83c2ce-d7bb-4da9-a6a6-8b2f4a937d96",
              "isHook": false,
              "skipped": false
            }
          ],
          "suites": [],
          "passes": [
            "3fc240d7-97d6-4b00-9ac0-c64d841286b3"
          ],
          "failures": [],
          "pending": [],
          "skipped": [],
          "duration": 4955,
          "root": false,
          "rootEmpty": false,
          "_timeout": 2000
        }
      ],
      "passes": [],
      "failures": [],
      "pending": [],
      "skipped": [],
      "duration": 0,
      "root": true,
      "rootEmpty": true,
      "_timeout": 2000
    }
  ],
  "meta": {
    "mocha": {
      "version": "5.2.0"
    },
    "mochawesome": {
      "options": {
        "quiet": false,
        "reportFilename": "mochawesome",
        "saveHtml": true,
        "saveJson": true,
        "consoleReporter": "spec",
        "useInlineDiffs": false
      },
      "version": "4.1.0"
    },
    "marge": {
      "options": {},
      "version": "4.0.1"
    }
  }
}